This file contains any messages produced by compilers while
running configure, to aid debugging if configure makes a mistake.

It was created by Xen Hypervisor Tools configure 4.13, which was
generated by GNU Autoconf 2.69.  Invocation command line was

  $ ./configure --disable-option-checking --prefix=/usr/local --cache-file=/dev/null --srcdir=.

## --------- ##
## Platform. ##
## --------- ##

hostname = syzkaller
uname -m = x86_64
uname -r = 5.5.2
uname -s = Linux
uname -v = #1 SMP Sat Mar 7 12:55:13 UTC 2020

/usr/bin/uname -p = unknown
/bin/uname -X     = unknown

/bin/arch              = x86_64
/usr/bin/arch -k       = unknown
/usr/convex/getsysinfo = unknown
/usr/bin/hostinfo      = unknown
/bin/machine           = unknown
/usr/bin/oslevel       = unknown
/bin/universe          = unknown

PATH: /usr/local/sbin
PATH: /usr/local/bin
PATH: /usr/sbin
PATH: /usr/bin
PATH: /sbin
PATH: /bin
PATH: /usr/lib/llvm-9/bin


## ----------- ##
## Core tests. ##
## ----------- ##

configure:2488: checking build system type
configure:2502: result: x86_64-pc-linux-gnu
configure:2522: checking host system type
configure:2535: result: x86_64-pc-linux-gnu
configure:2610: checking for gcc
configure:2626: found /usr/bin/gcc
configure:2637: result: gcc
configure:2866: checking for C compiler version
configure:2875: gcc --version >&5
gcc (Debian 8.3.0-6) 8.3.0
Copyright (C) 2018 Free Software Foundation, Inc.
This is free software; see the source for copying conditions.  There is NO
warranty; not even for MERCHANTABILITY or FITNESS FOR A PARTICULAR PURPOSE.

configure:2886: $? = 0
configure:2875: gcc -v >&5
Using built-in specs.
COLLECT_GCC=gcc
COLLECT_LTO_WRAPPER=/usr/lib/gcc/x86_64-linux-gnu/8/lto-wrapper
OFFLOAD_TARGET_NAMES=nvptx-none
OFFLOAD_TARGET_DEFAULT=1
Target: x86_64-linux-gnu
Configured with: ../src/configure -v --with-pkgversion='Debian 8.3.0-6' --with-bugurl=file:///usr/share/doc/gcc-8/README.Bugs --enable-languages=c,ada,c++,go,brig,d,fortran,objc,obj-c++ --prefix=/usr --with-gcc-major-version-only --program-suffix=-8 --program-prefix=x86_64-linux-gnu- --enable-shared --enable-linker-build-id --libexecdir=/usr/lib --without-included-gettext --enable-threads=posix --libdir=/usr/lib --enable-nls --enable-bootstrap --enable-clocale=gnu --enable-libstdcxx-debug --enable-libstdcxx-time=yes --with-default-libstdcxx-abi=new --enable-gnu-unique-object --disable-vtable-verify --enable-libmpx --enable-plugin --enable-default-pie --with-system-zlib --with-target-system-zlib --enable-objc-gc=auto --enable-multiarch --disable-werror --with-arch-32=i686 --with-abi=m64 --with-multilib-list=m32,m64,mx32 --enable-multilib --with-tune=generic --enable-offload-targets=nvptx-none --without-cuda-driver --enable-checking=release --build=x86_64-linux-gnu --host=x86_64-linux-gnu --target=x86_64-linux-gnu
Thread model: posix
gcc version 8.3.0 (Debian 8.3.0-6) 
configure:2886: $? = 0
configure:2875: gcc -V >&5
gcc: error: unrecognized command line option '-V'
gcc: fatal error: no input files
compilation terminated.
configure:2886: $? = 1
configure:2875: gcc -qversion >&5
gcc: error: unrecognized command line option '-qversion'; did you mean '--version'?
gcc: fatal error: no input files
compilation terminated.
configure:2886: $? = 1
configure:2906: checking whether the C compiler works
configure:2928: gcc    conftest.c  >&5
configure:2932: $? = 0
configure:2980: result: yes
configure:2983: checking for C compiler default output file name
configure:2985: result: a.out
configure:2991: checking for suffix of executables
configure:2998: gcc -o conftest    conftest.c  >&5
configure:3002: $? = 0
configure:3024: result: 
configure:3046: checking whether we are cross compiling
configure:3054: gcc -o conftest    conftest.c  >&5
configure:3058: $? = 0
configure:3065: ./conftest
configure:3069: $? = 0
configure:3057: result: no
configure:3062: checking for suffix of object files
configure:3084: gcc -c   conftest.c >&5
configure:3088: $? = 0
configure:3109: result: o
configure:3113: checking whether we are using the GNU C compiler
configure:3132: gcc -c   conftest.c >&5
configure:3132: $? = 0
configure:3141: result: yes
configure:3150: checking whether gcc accepts -g
configure:3170: gcc -c -g  conftest.c >&5
configure:3170: $? = 0
configure:3211: result: yes
configure:3228: checking for gcc option to accept ISO C89
configure:3291: gcc  -c -g -O2  conftest.c >&5
configure:3291: $? = 0
configure:3304: result: none needed
configure:3332: checking for special C compiler options needed for large files
configure:3377: result: no
configure:3383: checking for _FILE_OFFSET_BITS value needed for large files
configure:3408: gcc -c -g -O2  conftest.c >&5
configure:3408: $? = 0
configure:3440: result: no
configure:4257: checking for as86
configure:4275: found /usr/bin/as86
configure:4288: result: /usr/bin/as86
configure:4302: checking for ld86
configure:4320: found /usr/bin/ld86
configure:4333: result: /usr/bin/ld86
configure:4347: checking for bcc
configure:4365: found /usr/bin/bcc
configure:4378: result: /usr/bin/bcc
configure:4390: checking for lzma_version_number in -llzma
configure:4415: gcc -o conftest -g -O2   conftest.c -llzma   >&5
configure:4415: $? = 0
configure:4424: result: yes
configure:4685: checking for gcc
configure:4712: result: gcc
configure:4941: checking for C compiler version
configure:4950: gcc --version >&5
gcc (Debian 8.3.0-6) 8.3.0
Copyright (C) 2018 Free Software Foundation, Inc.
This is free software; see the source for copying conditions.  There is NO
warranty; not even for MERCHANTABILITY or FITNESS FOR A PARTICULAR PURPOSE.

configure:4961: $? = 0
configure:4950: gcc -v >&5
Using built-in specs.
COLLECT_GCC=gcc
COLLECT_LTO_WRAPPER=/usr/lib/gcc/x86_64-linux-gnu/8/lto-wrapper
OFFLOAD_TARGET_NAMES=nvptx-none
OFFLOAD_TARGET_DEFAULT=1
Target: x86_64-linux-gnu
Configured with: ../src/configure -v --with-pkgversion='Debian 8.3.0-6' --with-bugurl=file:///usr/share/doc/gcc-8/README.Bugs --enable-languages=c,ada,c++,go,brig,d,fortran,objc,obj-c++ --prefix=/usr --with-gcc-major-version-only --program-suffix=-8 --program-prefix=x86_64-linux-gnu- --enable-shared --enable-linker-build-id --libexecdir=/usr/lib --without-included-gettext --enable-threads=posix --libdir=/usr/lib --enable-nls --enable-bootstrap --enable-clocale=gnu --enable-libstdcxx-debug --enable-libstdcxx-time=yes --with-default-libstdcxx-abi=new --enable-gnu-unique-object --disable-vtable-verify --enable-libmpx --enable-plugin --enable-default-pie --with-system-zlib --with-target-system-zlib --enable-objc-gc=auto --enable-multiarch --disable-werror --with-arch-32=i686 --with-abi=m64 --with-multilib-list=m32,m64,mx32 --enable-multilib --with-tune=generic --enable-offload-targets=nvptx-none --without-cuda-driver --enable-checking=release --build=x86_64-linux-gnu --host=x86_64-linux-gnu --target=x86_64-linux-gnu
Thread model: posix
gcc version 8.3.0 (Debian 8.3.0-6) 
configure:4961: $? = 0
configure:4950: gcc -V >&5
gcc: error: unrecognized command line option '-V'
gcc: fatal error: no input files
compilation terminated.
configure:4961: $? = 1
configure:4950: gcc -qversion >&5
gcc: error: unrecognized command line option '-qversion'; did you mean '--version'?
gcc: fatal error: no input files
compilation terminated.
configure:4961: $? = 1
configure:4965: checking whether we are using the GNU C compiler
configure:4993: result: yes
configure:5002: checking whether gcc accepts -g
configure:5063: result: yes
configure:5080: checking for gcc option to accept ISO C89
configure:5156: result: none needed
configure:5176: checking whether make sets $(MAKE)
configure:5198: result: yes
configure:5221: checking for a BSD-compatible install
configure:5289: result: /usr/bin/install -c
configure:5302: checking for bison
configure:5320: found /usr/bin/bison
configure:5332: result: /usr/bin/bison
configure:5342: checking for flex
configure:5360: found /usr/bin/flex
configure:5372: result: /usr/bin/flex
configure:5382: checking for perl
configure:5400: found /usr/bin/perl
configure:5413: result: /usr/bin/perl
configure:5427: checking for awk
configure:5445: found /usr/bin/awk
configure:5458: result: /usr/bin/awk
configure:5515: checking for ocamlc
configure:5531: found /usr/bin/ocamlc
configure:5542: result: ocamlc
configure:5567: result: OCaml version is 4.05.0
configure:5576: result: OCaml library path is /usr/lib/ocaml
configure:5626: checking for ocamlopt
configure:5642: found /usr/bin/ocamlopt
configure:5653: result: ocamlopt
configure:5736: checking for ocamlc.opt
configure:5752: found /usr/bin/ocamlc.opt
configure:5763: result: ocamlc.opt
configure:5840: checking for ocamlopt.opt
configure:5856: found /usr/bin/ocamlopt.opt
configure:5867: result: ocamlopt.opt
configure:5949: checking for ocaml
configure:5965: found /usr/bin/ocaml
configure:5976: result: ocaml
configure:6043: checking for ocamldep
configure:6059: found /usr/bin/ocamldep
configure:6070: result: ocamldep
configure:6137: checking for ocamlmktop
configure:6153: found /usr/bin/ocamlmktop
configure:6164: result: ocamlmktop
configure:6231: checking for ocamlmklib
configure:6247: found /usr/bin/ocamlmklib
configure:6258: result: ocamlmklib
configure:6325: checking for ocamldoc
configure:6341: found /usr/bin/ocamldoc
configure:6352: result: ocamldoc
configure:6419: checking for ocamlbuild
configure:6449: result: no
configure:6514: checking for ocamlfind
configure:6530: found /usr/bin/ocamlfind
configure:6541: result: ocamlfind
configure:6570: checking for gawk
configure:6597: result: /usr/bin/awk
configure:6781: checking for checkpolicy
configure:6797: found /usr/bin/checkpolicy
configure:6808: result: checkpolicy
configure:6853: checking for bash
configure:6884: result: /bin/bash
configure:6902: checking for python
configure:6918: found /usr/bin/python
configure:6929: result: python
configure:6950: checking for python
configure:6968: found /usr/bin/python
configure:6980: result: /usr/bin/python
configure:6994: checking for python
configure:7025: result: /usr/bin/python
configure:7037: checking for python version >= 2.6 
configure:7047: result: yes
configure:7056: checking how to run the C preprocessor
configure:7087: gcc -E    conftest.c
configure:7087: $? = 0
configure:7101: gcc -E    conftest.c
conftest.c:15:10: fatal error: ac_nonexistent.h: No such file or directory
 #include <ac_nonexistent.h>
          ^~~~~~~~~~~~~~~~~~
compilation terminated.
configure:7101: $? = 1
configure: failed program was:
| /* confdefs.h */
| #define PACKAGE_NAME "Xen Hypervisor Tools"
| #define PACKAGE_TARNAME "xen"
| #define PACKAGE_VERSION "4.13"
| #define PACKAGE_STRING "Xen Hypervisor Tools 4.13"
| #define PACKAGE_BUGREPORT "xen-devel@lists.xen.org"
| #define PACKAGE_URL "http://www.xen.org/"
| #define HAVE_QEMU_TRADITIONAL 1
| #define HAVE_LIBLZMA 1
| #define HAVE_ROMBIOS 1
| #define QEMU_XEN_PATH "/usr/local/lib/xen/bin/qemu-system-i386"
| #define SEABIOS_PATH "/usr/local/lib/xen/boot/seabios.bin"
| #define IPXE_PATH "/usr/local/lib/xen/boot/ipxe.bin"
| /* end confdefs.h.  */
| #include <ac_nonexistent.h>
configure:7126: result: gcc -E
configure:7146: gcc -E    conftest.c
configure:7146: $? = 0
configure:7160: gcc -E    conftest.c
conftest.c:15:10: fatal error: ac_nonexistent.h: No such file or directory
 #include <ac_nonexistent.h>
          ^~~~~~~~~~~~~~~~~~
compilation terminated.
configure:7160: $? = 1
configure: failed program was:
| /* confdefs.h */
| #define PACKAGE_NAME "Xen Hypervisor Tools"
| #define PACKAGE_TARNAME "xen"
| #define PACKAGE_VERSION "4.13"
| #define PACKAGE_STRING "Xen Hypervisor Tools 4.13"
| #define PACKAGE_BUGREPORT "xen-devel@lists.xen.org"
| #define PACKAGE_URL "http://www.xen.org/"
| #define HAVE_QEMU_TRADITIONAL 1
| #define HAVE_LIBLZMA 1
| #define HAVE_ROMBIOS 1
| #define QEMU_XEN_PATH "/usr/local/lib/xen/bin/qemu-system-i386"
| #define SEABIOS_PATH "/usr/local/lib/xen/boot/seabios.bin"
| #define IPXE_PATH "/usr/local/lib/xen/boot/ipxe.bin"
| /* end confdefs.h.  */
| #include <ac_nonexistent.h>
configure:7189: checking for grep that handles long lines and -e
configure:7247: result: /usr/bin/grep
configure:7252: checking for egrep
configure:7314: result: /usr/bin/grep -E
configure:7319: checking for ANSI C header files
configure:7339: gcc -c -g -O2    conftest.c >&5
configure:7339: $? = 0
configure:7412: gcc -o conftest -g -O2       conftest.c -llzma  >&5
configure:7412: $? = 0
configure:7412: ./conftest
configure:7412: $? = 0
configure:7423: result: yes
configure:7436: checking for sys/types.h
configure:7436: gcc -c -g -O2    conftest.c >&5
configure:7436: $? = 0
configure:7436: result: yes
configure:7436: checking for sys/stat.h
configure:7436: gcc -c -g -O2    conftest.c >&5
configure:7436: $? = 0
configure:7436: result: yes
configure:7436: checking for stdlib.h
configure:7436: gcc -c -g -O2    conftest.c >&5
configure:7436: $? = 0
configure:7436: result: yes
configure:7436: checking for string.h
configure:7436: gcc -c -g -O2    conftest.c >&5
configure:7436: $? = 0
configure:7436: result: yes
configure:7436: checking for memory.h
configure:7436: gcc -c -g -O2    conftest.c >&5
configure:7436: $? = 0
configure:7436: result: yes
configure:7436: checking for strings.h
configure:7436: gcc -c -g -O2    conftest.c >&5
configure:7436: $? = 0
configure:7436: result: yes
configure:7436: checking for inttypes.h
configure:7436: gcc -c -g -O2    conftest.c >&5
configure:7436: $? = 0
configure:7436: result: yes
configure:7436: checking for stdint.h
configure:7436: gcc -c -g -O2    conftest.c >&5
configure:7436: $? = 0
configure:7436: result: yes
configure:7436: checking for unistd.h
configure:7436: gcc -c -g -O2    conftest.c >&5
configure:7436: $? = 0
configure:7436: result: yes
configure:7456: checking for python-config
configure:7474: found /usr/bin/python-config
configure:7487: result: /usr/bin/python-config
configure:7526: checking Python.h usability
configure:7526: gcc -c -g -O2 -g -O2 -I/usr/include/python2.7 -I/usr/include/x86_64-linux-gnu/python2.7  -fno-strict-aliasing -Wdate-time -D_FORTIFY_SOURCE=2 -g -fdebug-prefix-map=/build/python2.7-2.7.16=. -fstack-protector-strong -Wformat -Werror=format-security  -DNDEBUG -g -fwrapv -O2 -Wall -Wstrict-prototypes conftest.c >&5
configure:7526: $? = 0
configure:7526: result: yes
configure:7526: checking Python.h presence
configure:7526: gcc -E -g -O2 -I/usr/include/python2.7 -I/usr/include/x86_64-linux-gnu/python2.7  -fno-strict-aliasing -Wdate-time -D_FORTIFY_SOURCE=2 -g -fdebug-prefix-map=/build/python2.7-2.7.16=. -fstack-protector-strong -Wformat -Werror=format-security  -DNDEBUG -g -fwrapv -O2 -Wall -Wstrict-prototypes conftest.c
configure:7526: $? = 0
configure:7526: result: yes
configure:7526: checking for Python.h
configure:7526: result: yes
configure:7534: checking for PyArg_ParseTuple
configure:7534: gcc -o conftest -g -O2 -g -O2 -I/usr/include/python2.7 -I/usr/include/x86_64-linux-gnu/python2.7  -fno-strict-aliasing -Wdate-time -D_FORTIFY_SOURCE=2 -g -fdebug-prefix-map=/build/python2.7-2.7.16=. -fstack-protector-strong -Wformat -Werror=format-security  -DNDEBUG -g -fwrapv -O2 -Wall -Wstrict-prototypes    -L/usr/lib/python2.7/config-x86_64-linux-gnu -L/usr/lib -lpython2.7 -lpthread -ldl  -lutil -lm  -Xlinker -export-dynamic -Wl,-O1 -Wl,-Bsymbolic-functions conftest.c -llzma  -lpython2.7 -lpthread -ldl  -lutil -lm  >&5
conftest.c:48:1: warning: function declaration isn't a prototype [-Wstrict-prototypes]
 char PyArg_ParseTuple ();
 ^~~~
conftest.c:57:1: warning: function declaration isn't a prototype [-Wstrict-prototypes]
 main ()
 ^~~~
configure:7534: $? = 0
configure:7534: result: yes
configure:7547: checking whether Python setup.py brokenly enables -D_FORTIFY_SOURCE
configure:7565: result: yes
configure:7587: checking for xgettext
configure:7605: found /usr/bin/xgettext
configure:7618: result: /usr/bin/xgettext
configure:7634: checking for iasl
configure:7652: found /usr/bin/iasl
configure:7665: result: /usr/bin/iasl
configure:7680: checking uuid/uuid.h usability
configure:7680: gcc -c -g -O2    conftest.c >&5
configure:7680: $? = 0
configure:7680: result: yes
configure:7680: checking uuid/uuid.h presence
configure:7680: gcc -E    conftest.c
configure:7680: $? = 0
configure:7680: result: yes
configure:7680: checking for uuid/uuid.h
configure:7680: result: yes
configure:7683: checking for uuid_clear in -luuid
configure:7708: gcc -o conftest -g -O2       conftest.c -luuid  -llzma  >&5
configure:7708: $? = 0
configure:7717: result: yes
configure:7727: checking uuid.h usability
configure:7727: gcc -c -g -O2    conftest.c >&5
conftest.c:58:10: fatal error: uuid.h: No such file or directory
 #include <uuid.h>
          ^~~~~~~~
compilation terminated.
configure:7727: $? = 1
configure: failed program was:
| /* confdefs.h */
| #define PACKAGE_NAME "Xen Hypervisor Tools"
| #define PACKAGE_TARNAME "xen"
| #define PACKAGE_VERSION "4.13"
| #define PACKAGE_STRING "Xen Hypervisor Tools 4.13"
| #define PACKAGE_BUGREPORT "xen-devel@lists.xen.org"
| #define PACKAGE_URL "http://www.xen.org/"
| #define HAVE_QEMU_TRADITIONAL 1
| #define HAVE_LIBLZMA 1
| #define HAVE_ROMBIOS 1
| #define QEMU_XEN_PATH "/usr/local/lib/xen/bin/qemu-system-i386"
| #define SEABIOS_PATH "/usr/local/lib/xen/boot/seabios.bin"
| #define IPXE_PATH "/usr/local/lib/xen/boot/ipxe.bin"
| #define STDC_HEADERS 1
| #define HAVE_SYS_TYPES_H 1
| #define HAVE_SYS_STAT_H 1
| #define HAVE_STDLIB_H 1
| #define HAVE_STRING_H 1
| #define HAVE_MEMORY_H 1
| #define HAVE_STRINGS_H 1
| #define HAVE_INTTYPES_H 1
| #define HAVE_STDINT_H 1
| #define HAVE_UNISTD_H 1
| /* end confdefs.h.  */
| #include <stdio.h>
| #ifdef HAVE_SYS_TYPES_H
| # include <sys/types.h>
| #endif
| #ifdef HAVE_SYS_STAT_H
| # include <sys/stat.h>
| #endif
| #ifdef STDC_HEADERS
| # include <stdlib.h>
| # include <stddef.h>
| #else
| # ifdef HAVE_STDLIB_H
| #  include <stdlib.h>
| # endif
| #endif
| #ifdef HAVE_STRING_H
| # if !defined STDC_HEADERS && defined HAVE_MEMORY_H
| #  include <memory.h>
| # endif
| # include <string.h>
| #endif
| #ifdef HAVE_STRINGS_H
| # include <strings.h>
| #endif
| #ifdef HAVE_INTTYPES_H
| # include <inttypes.h>
| #endif
| #ifdef HAVE_STDINT_H
| # include <stdint.h>
| #endif
| #ifdef HAVE_UNISTD_H
| # include <unistd.h>
| #endif
| #include <uuid.h>
configure:7727: result: no
configure:7727: checking uuid.h presence
configure:7727: gcc -E    conftest.c
conftest.c:25:10: fatal error: uuid.h: No such file or directory
 #include <uuid.h>
          ^~~~~~~~
compilation terminated.
configure:7727: $? = 1
configure: failed program was:
| /* confdefs.h */
| #define PACKAGE_NAME "Xen Hypervisor Tools"
| #define PACKAGE_TARNAME "xen"
| #define PACKAGE_VERSION "4.13"
| #define PACKAGE_STRING "Xen Hypervisor Tools 4.13"
| #define PACKAGE_BUGREPORT "xen-devel@lists.xen.org"
| #define PACKAGE_URL "http://www.xen.org/"
| #define HAVE_QEMU_TRADITIONAL 1
| #define HAVE_LIBLZMA 1
| #define HAVE_ROMBIOS 1
| #define QEMU_XEN_PATH "/usr/local/lib/xen/bin/qemu-system-i386"
| #define SEABIOS_PATH "/usr/local/lib/xen/boot/seabios.bin"
| #define IPXE_PATH "/usr/local/lib/xen/boot/ipxe.bin"
| #define STDC_HEADERS 1
| #define HAVE_SYS_TYPES_H 1
| #define HAVE_SYS_STAT_H 1
| #define HAVE_STDLIB_H 1
| #define HAVE_STRING_H 1
| #define HAVE_MEMORY_H 1
| #define HAVE_STRINGS_H 1
| #define HAVE_INTTYPES_H 1
| #define HAVE_STDINT_H 1
| #define HAVE_UNISTD_H 1
| /* end confdefs.h.  */
| #include <uuid.h>
configure:7727: result: no
configure:7727: checking for uuid.h
configure:7727: result: no
configure:7740: checking curses.h usability
configure:7740: gcc -c -g -O2    conftest.c >&5
configure:7740: $? = 0
configure:7740: result: yes
configure:7740: checking curses.h presence
configure:7740: gcc -E    conftest.c
configure:7740: $? = 0
configure:7740: result: yes
configure:7740: checking for curses.h
configure:7740: result: yes
configure:7743: checking for clear in -lcurses
configure:7768: gcc -o conftest -g -O2       conftest.c -lcurses  -llzma  >&5
configure:7768: $? = 0
configure:7777: result: yes
configure:7791: checking ncurses.h usability
configure:7791: gcc -c -g -O2    conftest.c >&5
configure:7791: $? = 0
configure:7791: result: yes
configure:7791: checking ncurses.h presence
configure:7791: gcc -E    conftest.c
configure:7791: $? = 0
configure:7791: result: yes
configure:7791: checking for ncurses.h
configure:7791: result: yes
configure:7794: checking for clear in -lncurses
configure:7819: gcc -o conftest -g -O2       conftest.c -lncurses  -llzma  >&5
configure:7819: $? = 0
configure:7828: result: yes
configure:7867: checking for define_key in -ltinfo
configure:7892: gcc -o conftest -g -O2       conftest.c -ltinfo  -llzma  >&5
configure:7892: $? = 0
configure:7901: result: yes
configure:7965: checking for pkg-config
configure:7983: found /usr/bin/pkg-config
configure:7995: result: /usr/bin/pkg-config
configure:8020: checking pkg-config is at least version 0.9.0
configure:8023: result: yes
configure:8035: checking for glib
configure:8042: $PKG_CONFIG --exists --print-errors "glib-2.0 >= 2.12"
configure:8045: $? = 0
configure:8059: $PKG_CONFIG --exists --print-errors "glib-2.0 >= 2.12"
configure:8062: $? = 0
configure:8120: result: yes
configure:8126: checking for pixman
configure:8133: $PKG_CONFIG --exists --print-errors "pixman-1 >= 0.21.8"
configure:8136: $? = 0
configure:8150: $PKG_CONFIG --exists --print-errors "pixman-1 >= 0.21.8"
configure:8153: $? = 0
configure:8211: result: yes
configure:8220: checking for wget
configure:8238: found /usr/bin/wget
configure:8251: result: /usr/bin/wget
configure:8261: checking for false
configure:8279: found /usr/bin/false
configure:8292: result: /usr/bin/false
configure:8364: checking bzlib.h usability
configure:8364: gcc -c -g -O2    conftest.c >&5
conftest.c:59:10: fatal error: bzlib.h: No such file or directory
 #include <bzlib.h>
          ^~~~~~~~~
compilation terminated.
configure:8364: $? = 1
configure: failed program was:
| /* confdefs.h */
| #define PACKAGE_NAME "Xen Hypervisor Tools"
| #define PACKAGE_TARNAME "xen"
| #define PACKAGE_VERSION "4.13"
| #define PACKAGE_STRING "Xen Hypervisor Tools 4.13"
| #define PACKAGE_BUGREPORT "xen-devel@lists.xen.org"
| #define PACKAGE_URL "http://www.xen.org/"
| #define HAVE_QEMU_TRADITIONAL 1
| #define HAVE_LIBLZMA 1
| #define HAVE_ROMBIOS 1
| #define QEMU_XEN_PATH "/usr/local/lib/xen/bin/qemu-system-i386"
| #define SEABIOS_PATH "/usr/local/lib/xen/boot/seabios.bin"
| #define IPXE_PATH "/usr/local/lib/xen/boot/ipxe.bin"
| #define STDC_HEADERS 1
| #define HAVE_SYS_TYPES_H 1
| #define HAVE_SYS_STAT_H 1
| #define HAVE_STDLIB_H 1
| #define HAVE_STRING_H 1
| #define HAVE_MEMORY_H 1
| #define HAVE_STRINGS_H 1
| #define HAVE_INTTYPES_H 1
| #define HAVE_STDINT_H 1
| #define HAVE_UNISTD_H 1
| #define INCLUDE_CURSES_H <ncurses.h>
| /* end confdefs.h.  */
| #include <stdio.h>
| #ifdef HAVE_SYS_TYPES_H
| # include <sys/types.h>
| #endif
| #ifdef HAVE_SYS_STAT_H
| # include <sys/stat.h>
| #endif
| #ifdef STDC_HEADERS
| # include <stdlib.h>
| # include <stddef.h>
| #else
| # ifdef HAVE_STDLIB_H
| #  include <stdlib.h>
| # endif
| #endif
| #ifdef HAVE_STRING_H
| # if !defined STDC_HEADERS && defined HAVE_MEMORY_H
| #  include <memory.h>
| # endif
| # include <string.h>
| #endif
| #ifdef HAVE_STRINGS_H
| # include <strings.h>
| #endif
| #ifdef HAVE_INTTYPES_H
| # include <inttypes.h>
| #endif
| #ifdef HAVE_STDINT_H
| # include <stdint.h>
| #endif
| #ifdef HAVE_UNISTD_H
| # include <unistd.h>
| #endif
| #include <bzlib.h>
configure:8364: result: no
configure:8364: checking bzlib.h presence
configure:8364: gcc -E    conftest.c
conftest.c:26:10: fatal error: bzlib.h: No such file or directory
 #include <bzlib.h>
          ^~~~~~~~~
compilation terminated.
configure:8364: $? = 1
configure: failed program was:
| /* confdefs.h */
| #define PACKAGE_NAME "Xen Hypervisor Tools"
| #define PACKAGE_TARNAME "xen"
| #define PACKAGE_VERSION "4.13"
| #define PACKAGE_STRING "Xen Hypervisor Tools 4.13"
| #define PACKAGE_BUGREPORT "xen-devel@lists.xen.org"
| #define PACKAGE_URL "http://www.xen.org/"
| #define HAVE_QEMU_TRADITIONAL 1
| #define HAVE_LIBLZMA 1
| #define HAVE_ROMBIOS 1
| #define QEMU_XEN_PATH "/usr/local/lib/xen/bin/qemu-system-i386"
| #define SEABIOS_PATH "/usr/local/lib/xen/boot/seabios.bin"
| #define IPXE_PATH "/usr/local/lib/xen/boot/ipxe.bin"
| #define STDC_HEADERS 1
| #define HAVE_SYS_TYPES_H 1
| #define HAVE_SYS_STAT_H 1
| #define HAVE_STDLIB_H 1
| #define HAVE_STRING_H 1
| #define HAVE_MEMORY_H 1
| #define HAVE_STRINGS_H 1
| #define HAVE_INTTYPES_H 1
| #define HAVE_STDINT_H 1
| #define HAVE_UNISTD_H 1
| #define INCLUDE_CURSES_H <ncurses.h>
| /* end confdefs.h.  */
| #include <bzlib.h>
configure:8364: result: no
configure:8364: checking for bzlib.h
configure:8364: result: no
configure:8411: checking lzma.h usability
configure:8411: gcc -c -g -O2    conftest.c >&5
configure:8411: $? = 0
configure:8411: result: yes
configure:8411: checking lzma.h presence
configure:8411: gcc -E    conftest.c
configure:8411: $? = 0
configure:8411: result: yes
configure:8411: checking for lzma.h
configure:8411: result: yes
configure:8414: checking for lzma_stream_decoder in -llzma
configure:8439: gcc -o conftest -g -O2       conftest.c -llzma  -llzma  >&5
configure:8439: $? = 0
configure:8448: result: yes
configure:8458: checking lzo/lzo1x.h usability
configure:8458: gcc -c -g -O2    conftest.c >&5
conftest.c:59:10: fatal error: lzo/lzo1x.h: No such file or directory
 #include <lzo/lzo1x.h>
          ^~~~~~~~~~~~~
compilation terminated.
configure:8458: $? = 1
configure: failed program was:
| /* confdefs.h */
| #define PACKAGE_NAME "Xen Hypervisor Tools"
| #define PACKAGE_TARNAME "xen"
| #define PACKAGE_VERSION "4.13"
| #define PACKAGE_STRING "Xen Hypervisor Tools 4.13"
| #define PACKAGE_BUGREPORT "xen-devel@lists.xen.org"
| #define PACKAGE_URL "http://www.xen.org/"
| #define HAVE_QEMU_TRADITIONAL 1
| #define HAVE_LIBLZMA 1
| #define HAVE_ROMBIOS 1
| #define QEMU_XEN_PATH "/usr/local/lib/xen/bin/qemu-system-i386"
| #define SEABIOS_PATH "/usr/local/lib/xen/boot/seabios.bin"
| #define IPXE_PATH "/usr/local/lib/xen/boot/ipxe.bin"
| #define STDC_HEADERS 1
| #define HAVE_SYS_TYPES_H 1
| #define HAVE_SYS_STAT_H 1
| #define HAVE_STDLIB_H 1
| #define HAVE_STRING_H 1
| #define HAVE_MEMORY_H 1
| #define HAVE_STRINGS_H 1
| #define HAVE_INTTYPES_H 1
| #define HAVE_STDINT_H 1
| #define HAVE_UNISTD_H 1
| #define INCLUDE_CURSES_H <ncurses.h>
| /* end confdefs.h.  */
| #include <stdio.h>
| #ifdef HAVE_SYS_TYPES_H
| # include <sys/types.h>
| #endif
| #ifdef HAVE_SYS_STAT_H
| # include <sys/stat.h>
| #endif
| #ifdef STDC_HEADERS
| # include <stdlib.h>
| # include <stddef.h>
| #else
| # ifdef HAVE_STDLIB_H
| #  include <stdlib.h>
| # endif
| #endif
| #ifdef HAVE_STRING_H
| # if !defined STDC_HEADERS && defined HAVE_MEMORY_H
| #  include <memory.h>
| # endif
| # include <string.h>
| #endif
| #ifdef HAVE_STRINGS_H
| # include <strings.h>
| #endif
| #ifdef HAVE_INTTYPES_H
| # include <inttypes.h>
| #endif
| #ifdef HAVE_STDINT_H
| # include <stdint.h>
| #endif
| #ifdef HAVE_UNISTD_H
| # include <unistd.h>
| #endif
| #include <lzo/lzo1x.h>
configure:8458: result: no
configure:8458: checking lzo/lzo1x.h presence
configure:8458: gcc -E    conftest.c
conftest.c:26:10: fatal error: lzo/lzo1x.h: No such file or directory
 #include <lzo/lzo1x.h>
          ^~~~~~~~~~~~~
compilation terminated.
configure:8458: $? = 1
configure: failed program was:
| /* confdefs.h */
| #define PACKAGE_NAME "Xen Hypervisor Tools"
| #define PACKAGE_TARNAME "xen"
| #define PACKAGE_VERSION "4.13"
| #define PACKAGE_STRING "Xen Hypervisor Tools 4.13"
| #define PACKAGE_BUGREPORT "xen-devel@lists.xen.org"
| #define PACKAGE_URL "http://www.xen.org/"
| #define HAVE_QEMU_TRADITIONAL 1
| #define HAVE_LIBLZMA 1
| #define HAVE_ROMBIOS 1
| #define QEMU_XEN_PATH "/usr/local/lib/xen/bin/qemu-system-i386"
| #define SEABIOS_PATH "/usr/local/lib/xen/boot/seabios.bin"
| #define IPXE_PATH "/usr/local/lib/xen/boot/ipxe.bin"
| #define STDC_HEADERS 1
| #define HAVE_SYS_TYPES_H 1
| #define HAVE_SYS_STAT_H 1
| #define HAVE_STDLIB_H 1
| #define HAVE_STRING_H 1
| #define HAVE_MEMORY_H 1
| #define HAVE_STRINGS_H 1
| #define HAVE_INTTYPES_H 1
| #define HAVE_STDINT_H 1
| #define HAVE_UNISTD_H 1
| #define INCLUDE_CURSES_H <ncurses.h>
| /* end confdefs.h.  */
| #include <lzo/lzo1x.h>
configure:8458: result: no
configure:8458: checking for lzo/lzo1x.h
configure:8458: result: no
configure:8508: checking ext2fs/ext2fs.h usability
configure:8508: gcc -c -g -O2    conftest.c >&5
configure:8508: $? = 0
configure:8508: result: yes
configure:8508: checking ext2fs/ext2fs.h presence
configure:8508: gcc -E    conftest.c
configure:8508: $? = 0
configure:8508: result: yes
configure:8508: checking for ext2fs/ext2fs.h
configure:8508: result: yes
configure:8511: checking for ext2fs_open2 in -lext2fs
configure:8536: gcc -o conftest -g -O2       conftest.c -lext2fs  -llzma  >&5
configure:8536: $? = 0
configure:8545: result: yes
configure:8560: checking ext4fs/ext2fs.h usability
configure:8560: gcc -c -g -O2    conftest.c >&5
conftest.c:60:10: fatal error: ext4fs/ext2fs.h: No such file or directory
 #include <ext4fs/ext2fs.h>
          ^~~~~~~~~~~~~~~~~
compilation terminated.
configure:8560: $? = 1
configure: failed program was:
| /* confdefs.h */
| #define PACKAGE_NAME "Xen Hypervisor Tools"
| #define PACKAGE_TARNAME "xen"
| #define PACKAGE_VERSION "4.13"
| #define PACKAGE_STRING "Xen Hypervisor Tools 4.13"
| #define PACKAGE_BUGREPORT "xen-devel@lists.xen.org"
| #define PACKAGE_URL "http://www.xen.org/"
| #define HAVE_QEMU_TRADITIONAL 1
| #define HAVE_LIBLZMA 1
| #define HAVE_ROMBIOS 1
| #define QEMU_XEN_PATH "/usr/local/lib/xen/bin/qemu-system-i386"
| #define SEABIOS_PATH "/usr/local/lib/xen/boot/seabios.bin"
| #define IPXE_PATH "/usr/local/lib/xen/boot/ipxe.bin"
| #define STDC_HEADERS 1
| #define HAVE_SYS_TYPES_H 1
| #define HAVE_SYS_STAT_H 1
| #define HAVE_STDLIB_H 1
| #define HAVE_STRING_H 1
| #define HAVE_MEMORY_H 1
| #define HAVE_STRINGS_H 1
| #define HAVE_INTTYPES_H 1
| #define HAVE_STDINT_H 1
| #define HAVE_UNISTD_H 1
| #define INCLUDE_CURSES_H <ncurses.h>
| #define INCLUDE_EXTFS_H <ext2fs/ext2fs.h>
| /* end confdefs.h.  */
| #include <stdio.h>
| #ifdef HAVE_SYS_TYPES_H
| # include <sys/types.h>
| #endif
| #ifdef HAVE_SYS_STAT_H
| # include <sys/stat.h>
| #endif
| #ifdef STDC_HEADERS
| # include <stdlib.h>
| # include <stddef.h>
| #else
| # ifdef HAVE_STDLIB_H
| #  include <stdlib.h>
| # endif
| #endif
| #ifdef HAVE_STRING_H
| # if !defined STDC_HEADERS && defined HAVE_MEMORY_H
| #  include <memory.h>
| # endif
| # include <string.h>
| #endif
| #ifdef HAVE_STRINGS_H
| # include <strings.h>
| #endif
| #ifdef HAVE_INTTYPES_H
| # include <inttypes.h>
| #endif
| #ifdef HAVE_STDINT_H
| # include <stdint.h>
| #endif
| #ifdef HAVE_UNISTD_H
| # include <unistd.h>
| #endif
| #include <ext4fs/ext2fs.h>
configure:8560: result: no
configure:8560: checking ext4fs/ext2fs.h presence
configure:8560: gcc -E    conftest.c
conftest.c:27:10: fatal error: ext4fs/ext2fs.h: No such file or directory
 #include <ext4fs/ext2fs.h>
          ^~~~~~~~~~~~~~~~~
compilation terminated.
configure:8560: $? = 1
configure: failed program was:
| /* confdefs.h */
| #define PACKAGE_NAME "Xen Hypervisor Tools"
| #define PACKAGE_TARNAME "xen"
| #define PACKAGE_VERSION "4.13"
| #define PACKAGE_STRING "Xen Hypervisor Tools 4.13"
| #define PACKAGE_BUGREPORT "xen-devel@lists.xen.org"
| #define PACKAGE_URL "http://www.xen.org/"
| #define HAVE_QEMU_TRADITIONAL 1
| #define HAVE_LIBLZMA 1
| #define HAVE_ROMBIOS 1
| #define QEMU_XEN_PATH "/usr/local/lib/xen/bin/qemu-system-i386"
| #define SEABIOS_PATH "/usr/local/lib/xen/boot/seabios.bin"
| #define IPXE_PATH "/usr/local/lib/xen/boot/ipxe.bin"
| #define STDC_HEADERS 1
| #define HAVE_SYS_TYPES_H 1
| #define HAVE_SYS_STAT_H 1
| #define HAVE_STDLIB_H 1
| #define HAVE_STRING_H 1
| #define HAVE_MEMORY_H 1
| #define HAVE_STRINGS_H 1
| #define HAVE_INTTYPES_H 1
| #define HAVE_STDINT_H 1
| #define HAVE_UNISTD_H 1
| #define INCLUDE_CURSES_H <ncurses.h>
| #define INCLUDE_EXTFS_H <ext2fs/ext2fs.h>
| /* end confdefs.h.  */
| #include <ext4fs/ext2fs.h>
configure:8560: result: no
configure:8560: checking for ext4fs/ext2fs.h
configure:8560: result: no
configure:8615: checking for pthread flag
configure:8651: gcc -o conftest -g -O2 -pthread       -pthread conftest.c -llzma   >&5
configure:8651: $? = 0
configure:8667: result: -pthread
configure:8684: checking libutil.h usability
configure:8684: gcc -c -g -O2    -Werror conftest.c >&5
conftest.c:60:10: fatal error: libutil.h: No such file or directory
 #include <libutil.h>
          ^~~~~~~~~~~
compilation terminated.
configure:8684: $? = 1
configure: failed program was:
| /* confdefs.h */
| #define PACKAGE_NAME "Xen Hypervisor Tools"
| #define PACKAGE_TARNAME "xen"
| #define PACKAGE_VERSION "4.13"
| #define PACKAGE_STRING "Xen Hypervisor Tools 4.13"
| #define PACKAGE_BUGREPORT "xen-devel@lists.xen.org"
| #define PACKAGE_URL "http://www.xen.org/"
| #define HAVE_QEMU_TRADITIONAL 1
| #define HAVE_LIBLZMA 1
| #define HAVE_ROMBIOS 1
| #define QEMU_XEN_PATH "/usr/local/lib/xen/bin/qemu-system-i386"
| #define SEABIOS_PATH "/usr/local/lib/xen/boot/seabios.bin"
| #define IPXE_PATH "/usr/local/lib/xen/boot/ipxe.bin"
| #define STDC_HEADERS 1
| #define HAVE_SYS_TYPES_H 1
| #define HAVE_SYS_STAT_H 1
| #define HAVE_STDLIB_H 1
| #define HAVE_STRING_H 1
| #define HAVE_MEMORY_H 1
| #define HAVE_STRINGS_H 1
| #define HAVE_INTTYPES_H 1
| #define HAVE_STDINT_H 1
| #define HAVE_UNISTD_H 1
| #define INCLUDE_CURSES_H <ncurses.h>
| #define INCLUDE_EXTFS_H <ext2fs/ext2fs.h>
| /* end confdefs.h.  */
| #include <stdio.h>
| #ifdef HAVE_SYS_TYPES_H
| # include <sys/types.h>
| #endif
| #ifdef HAVE_SYS_STAT_H
| # include <sys/stat.h>
| #endif
| #ifdef STDC_HEADERS
| # include <stdlib.h>
| # include <stddef.h>
| #else
| # ifdef HAVE_STDLIB_H
| #  include <stdlib.h>
| # endif
| #endif
| #ifdef HAVE_STRING_H
| # if !defined STDC_HEADERS && defined HAVE_MEMORY_H
| #  include <memory.h>
| # endif
| # include <string.h>
| #endif
| #ifdef HAVE_STRINGS_H
| # include <strings.h>
| #endif
| #ifdef HAVE_INTTYPES_H
| # include <inttypes.h>
| #endif
| #ifdef HAVE_STDINT_H
| # include <stdint.h>
| #endif
| #ifdef HAVE_UNISTD_H
| # include <unistd.h>
| #endif
| #include <libutil.h>
configure:8684: result: no
configure:8684: checking libutil.h presence
configure:8684: gcc -E    -Werror conftest.c
conftest.c:27:10: fatal error: libutil.h: No such file or directory
 #include <libutil.h>
          ^~~~~~~~~~~
compilation terminated.
configure:8684: $? = 1
configure: failed program was:
| /* confdefs.h */
| #define PACKAGE_NAME "Xen Hypervisor Tools"
| #define PACKAGE_TARNAME "xen"
| #define PACKAGE_VERSION "4.13"
| #define PACKAGE_STRING "Xen Hypervisor Tools 4.13"
| #define PACKAGE_BUGREPORT "xen-devel@lists.xen.org"
| #define PACKAGE_URL "http://www.xen.org/"
| #define HAVE_QEMU_TRADITIONAL 1
| #define HAVE_LIBLZMA 1
| #define HAVE_ROMBIOS 1
| #define QEMU_XEN_PATH "/usr/local/lib/xen/bin/qemu-system-i386"
| #define SEABIOS_PATH "/usr/local/lib/xen/boot/seabios.bin"
| #define IPXE_PATH "/usr/local/lib/xen/boot/ipxe.bin"
| #define STDC_HEADERS 1
| #define HAVE_SYS_TYPES_H 1
| #define HAVE_SYS_STAT_H 1
| #define HAVE_STDLIB_H 1
| #define HAVE_STRING_H 1
| #define HAVE_MEMORY_H 1
| #define HAVE_STRINGS_H 1
| #define HAVE_INTTYPES_H 1
| #define HAVE_STDINT_H 1
| #define HAVE_UNISTD_H 1
| #define INCLUDE_CURSES_H <ncurses.h>
| #define INCLUDE_EXTFS_H <ext2fs/ext2fs.h>
| /* end confdefs.h.  */
| #include <libutil.h>
configure:8684: result: no
configure:8684: checking for libutil.h
configure:8684: result: no
configure:8697: checking for openpty et al
configure:8726: gcc -o conftest -g -O2       conftest.c -llzma  -lutil >&5
conftest.c: In function 'main':
conftest.c:32:3: warning: implicit declaration of function 'openpty' [-Wimplicit-function-declaration]
   openpty(0,0,0,0,0);
   ^~~~~~~
conftest.c:33:3: warning: implicit declaration of function 'login_tty' [-Wimplicit-function-declaration]
   login_tty(0);
   ^~~~~~~~~
configure:8726: $? = 0
configure:8739: result: -lutil
configure:8744: checking for yajl_alloc in -lyajl
configure:8769: gcc -o conftest -g -O2       conftest.c -lyajl  -llzma  -lutil >&5
configure:8769: $? = 0
configure:8778: result: yes
configure:8791: checking for deflateCopy in -lz
configure:8816: gcc -o conftest -g -O2       conftest.c -lz  -lyajl -llzma  -lutil >&5
configure:8816: $? = 0
configure:8825: result: yes
configure:8838: checking for libiconv_open in -liconv
configure:8863: gcc -o conftest -g -O2       conftest.c -liconv  -lz -lyajl -llzma  -lutil >&5
/usr/bin/ld: cannot find -liconv
collect2: error: ld returned 1 exit status
configure:8863: $? = 1
configure: failed program was:
| /* confdefs.h */
| #define PACKAGE_NAME "Xen Hypervisor Tools"
| #define PACKAGE_TARNAME "xen"
| #define PACKAGE_VERSION "4.13"
| #define PACKAGE_STRING "Xen Hypervisor Tools 4.13"
| #define PACKAGE_BUGREPORT "xen-devel@lists.xen.org"
| #define PACKAGE_URL "http://www.xen.org/"
| #define HAVE_QEMU_TRADITIONAL 1
| #define HAVE_LIBLZMA 1
| #define HAVE_ROMBIOS 1
| #define QEMU_XEN_PATH "/usr/local/lib/xen/bin/qemu-system-i386"
| #define SEABIOS_PATH "/usr/local/lib/xen/boot/seabios.bin"
| #define IPXE_PATH "/usr/local/lib/xen/boot/ipxe.bin"
| #define STDC_HEADERS 1
| #define HAVE_SYS_TYPES_H 1
| #define HAVE_SYS_STAT_H 1
| #define HAVE_STDLIB_H 1
| #define HAVE_STRING_H 1
| #define HAVE_MEMORY_H 1
| #define HAVE_STRINGS_H 1
| #define HAVE_INTTYPES_H 1
| #define HAVE_STDINT_H 1
| #define HAVE_UNISTD_H 1
| #define INCLUDE_CURSES_H <ncurses.h>
| #define INCLUDE_EXTFS_H <ext2fs/ext2fs.h>
| #define HAVE_LIBYAJL 1
| #define HAVE_LIBZ 1
| /* end confdefs.h.  */
| 
| /* Override any GCC internal prototype to avoid an error.
|    Use char because int might match the return type of a GCC
|    builtin and then its argument prototype would still apply.  */
| #ifdef __cplusplus
| extern "C"
| #endif
| char libiconv_open ();
| int
| main ()
| {
| return libiconv_open ();
|   ;
|   return 0;
| }
configure:8872: result: no
configure:8881: checking argp.h usability
configure:8881: gcc -c -g -O2    conftest.c >&5
configure:8881: $? = 0
configure:8881: result: yes
configure:8881: checking argp.h presence
configure:8881: gcc -E    conftest.c
configure:8881: $? = 0
configure:8881: result: yes
configure:8881: checking for argp.h
configure:8881: result: yes
configure:8884: checking for argp_usage in -largp
configure:8909: gcc -o conftest -g -O2       conftest.c -largp  -lz -lyajl -llzma  -lutil >&5
/usr/bin/ld: cannot find -largp
collect2: error: ld returned 1 exit status
configure:8909: $? = 1
configure: failed program was:
| /* confdefs.h */
| #define PACKAGE_NAME "Xen Hypervisor Tools"
| #define PACKAGE_TARNAME "xen"
| #define PACKAGE_VERSION "4.13"
| #define PACKAGE_STRING "Xen Hypervisor Tools 4.13"
| #define PACKAGE_BUGREPORT "xen-devel@lists.xen.org"
| #define PACKAGE_URL "http://www.xen.org/"
| #define HAVE_QEMU_TRADITIONAL 1
| #define HAVE_LIBLZMA 1
| #define HAVE_ROMBIOS 1
| #define QEMU_XEN_PATH "/usr/local/lib/xen/bin/qemu-system-i386"
| #define SEABIOS_PATH "/usr/local/lib/xen/boot/seabios.bin"
| #define IPXE_PATH "/usr/local/lib/xen/boot/ipxe.bin"
| #define STDC_HEADERS 1
| #define HAVE_SYS_TYPES_H 1
| #define HAVE_SYS_STAT_H 1
| #define HAVE_STDLIB_H 1
| #define HAVE_STRING_H 1
| #define HAVE_MEMORY_H 1
| #define HAVE_STRINGS_H 1
| #define HAVE_INTTYPES_H 1
| #define HAVE_STDINT_H 1
| #define HAVE_UNISTD_H 1
| #define INCLUDE_CURSES_H <ncurses.h>
| #define INCLUDE_EXTFS_H <ext2fs/ext2fs.h>
| #define HAVE_LIBYAJL 1
| #define HAVE_LIBZ 1
| /* end confdefs.h.  */
| 
| /* Override any GCC internal prototype to avoid an error.
|    Use char because int might match the return type of a GCC
|    builtin and then its argument prototype would still apply.  */
| #ifdef __cplusplus
| extern "C"
| #endif
| char argp_usage ();
| int
| main ()
| {
| return argp_usage ();
|   ;
|   return 0;
| }
configure:8918: result: no
configure:9065: checking yajl/yajl_version.h usability
configure:9065: gcc -c -g -O2    conftest.c >&5
configure:9065: $? = 0
configure:9065: result: yes
configure:9065: checking yajl/yajl_version.h presence
configure:9065: gcc -E    conftest.c
configure:9065: $? = 0
configure:9065: result: yes
configure:9065: checking for yajl/yajl_version.h
configure:9065: result: yes
configure:9065: checking sys/eventfd.h usability
configure:9065: gcc -c -g -O2    conftest.c >&5
configure:9065: $? = 0
configure:9065: result: yes
configure:9065: checking sys/eventfd.h presence
configure:9065: gcc -E    conftest.c
configure:9065: $? = 0
configure:9065: result: yes
configure:9065: checking for sys/eventfd.h
configure:9065: result: yes
configure:9065: checking valgrind/memcheck.h usability
configure:9065: gcc -c -g -O2    conftest.c >&5
conftest.c:64:10: fatal error: valgrind/memcheck.h: No such file or directory
 #include <valgrind/memcheck.h>
          ^~~~~~~~~~~~~~~~~~~~~
compilation terminated.
configure:9065: $? = 1
configure: failed program was:
| /* confdefs.h */
| #define PACKAGE_NAME "Xen Hypervisor Tools"
| #define PACKAGE_TARNAME "xen"
| #define PACKAGE_VERSION "4.13"
| #define PACKAGE_STRING "Xen Hypervisor Tools 4.13"
| #define PACKAGE_BUGREPORT "xen-devel@lists.xen.org"
| #define PACKAGE_URL "http://www.xen.org/"
| #define HAVE_QEMU_TRADITIONAL 1
| #define HAVE_LIBLZMA 1
| #define HAVE_ROMBIOS 1
| #define QEMU_XEN_PATH "/usr/local/lib/xen/bin/qemu-system-i386"
| #define SEABIOS_PATH "/usr/local/lib/xen/boot/seabios.bin"
| #define IPXE_PATH "/usr/local/lib/xen/boot/ipxe.bin"
| #define STDC_HEADERS 1
| #define HAVE_SYS_TYPES_H 1
| #define HAVE_SYS_STAT_H 1
| #define HAVE_STDLIB_H 1
| #define HAVE_STRING_H 1
| #define HAVE_MEMORY_H 1
| #define HAVE_STRINGS_H 1
| #define HAVE_INTTYPES_H 1
| #define HAVE_STDINT_H 1
| #define HAVE_UNISTD_H 1
| #define INCLUDE_CURSES_H <ncurses.h>
| #define INCLUDE_EXTFS_H <ext2fs/ext2fs.h>
| #define HAVE_LIBYAJL 1
| #define HAVE_LIBZ 1
| #define HAVE_YAJL_YAJL_VERSION_H 1
| #define HAVE_SYS_EVENTFD_H 1
| /* end confdefs.h.  */
| #include <stdio.h>
| #ifdef HAVE_SYS_TYPES_H
| # include <sys/types.h>
| #endif
| #ifdef HAVE_SYS_STAT_H
| # include <sys/stat.h>
| #endif
| #ifdef STDC_HEADERS
| # include <stdlib.h>
| # include <stddef.h>
| #else
| # ifdef HAVE_STDLIB_H
| #  include <stdlib.h>
| # endif
| #endif
| #ifdef HAVE_STRING_H
| # if !defined STDC_HEADERS && defined HAVE_MEMORY_H
| #  include <memory.h>
| # endif
| # include <string.h>
| #endif
| #ifdef HAVE_STRINGS_H
| # include <strings.h>
| #endif
| #ifdef HAVE_INTTYPES_H
| # include <inttypes.h>
| #endif
| #ifdef HAVE_STDINT_H
| # include <stdint.h>
| #endif
| #ifdef HAVE_UNISTD_H
| # include <unistd.h>
| #endif
| #include <valgrind/memcheck.h>
configure:9065: result: no
configure:9065: checking valgrind/memcheck.h presence
configure:9065: gcc -E    conftest.c
conftest.c:31:10: fatal error: valgrind/memcheck.h: No such file or directory
 #include <valgrind/memcheck.h>
          ^~~~~~~~~~~~~~~~~~~~~
compilation terminated.
configure:9065: $? = 1
configure: failed program was:
| /* confdefs.h */
| #define PACKAGE_NAME "Xen Hypervisor Tools"
| #define PACKAGE_TARNAME "xen"
| #define PACKAGE_VERSION "4.13"
| #define PACKAGE_STRING "Xen Hypervisor Tools 4.13"
| #define PACKAGE_BUGREPORT "xen-devel@lists.xen.org"
| #define PACKAGE_URL "http://www.xen.org/"
| #define HAVE_QEMU_TRADITIONAL 1
| #define HAVE_LIBLZMA 1
| #define HAVE_ROMBIOS 1
| #define QEMU_XEN_PATH "/usr/local/lib/xen/bin/qemu-system-i386"
| #define SEABIOS_PATH "/usr/local/lib/xen/boot/seabios.bin"
| #define IPXE_PATH "/usr/local/lib/xen/boot/ipxe.bin"
| #define STDC_HEADERS 1
| #define HAVE_SYS_TYPES_H 1
| #define HAVE_SYS_STAT_H 1
| #define HAVE_STDLIB_H 1
| #define HAVE_STRING_H 1
| #define HAVE_MEMORY_H 1
| #define HAVE_STRINGS_H 1
| #define HAVE_INTTYPES_H 1
| #define HAVE_STDINT_H 1
| #define HAVE_UNISTD_H 1
| #define INCLUDE_CURSES_H <ncurses.h>
| #define INCLUDE_EXTFS_H <ext2fs/ext2fs.h>
| #define HAVE_LIBYAJL 1
| #define HAVE_LIBZ 1
| #define HAVE_YAJL_YAJL_VERSION_H 1
| #define HAVE_SYS_EVENTFD_H 1
| /* end confdefs.h.  */
| #include <valgrind/memcheck.h>
configure:9065: result: no
configure:9065: checking for valgrind/memcheck.h
configure:9065: result: no
configure:9065: checking utmp.h usability
configure:9065: gcc -c -g -O2    conftest.c >&5
configure:9065: $? = 0
configure:9065: result: yes
configure:9065: checking utmp.h presence
configure:9065: gcc -E    conftest.c
configure:9065: $? = 0
configure:9065: result: yes
configure:9065: checking for utmp.h
configure:9065: result: yes
configure:9079: checking for LIBNL3
configure:9086: $PKG_CONFIG --exists --print-errors "libnl-3.0 >= 3.2.8 libnl-route-3.0 >= 3.2.8"
Package libnl-3.0 was not found in the pkg-config search path.
Perhaps you should add the directory containing `libnl-3.0.pc'
to the PKG_CONFIG_PATH environment variable
No package 'libnl-3.0' found
Package libnl-route-3.0 was not found in the pkg-config search path.
Perhaps you should add the directory containing `libnl-route-3.0.pc'
to the PKG_CONFIG_PATH environment variable
No package 'libnl-route-3.0' found
configure:9089: $? = 1
configure:9103: $PKG_CONFIG --exists --print-errors "libnl-3.0 >= 3.2.8 libnl-route-3.0 >= 3.2.8"
Package libnl-3.0 was not found in the pkg-config search path.
Perhaps you should add the directory containing `libnl-3.0.pc'
to the PKG_CONFIG_PATH environment variable
No package 'libnl-3.0' found
Package libnl-route-3.0 was not found in the pkg-config search path.
Perhaps you should add the directory containing `libnl-route-3.0.pc'
to the PKG_CONFIG_PATH environment variable
No package 'libnl-route-3.0' found
configure:9106: $? = 1
configure:9120: result: no
No package 'libnl-3.0' found
No package 'libnl-route-3.0' found
configure:9153: WARNING: Disabling support for Remus network buffering and COLO.
    Please install libnl3 libraries (including libnl3-route), command line tools and devel
    headers - version 3.2.8 or higher
configure:9222: checking for SYSTEMD
configure:9229: $PKG_CONFIG --exists --print-errors "libsystemd-daemon"
Package libsystemd-daemon was not found in the pkg-config search path.
Perhaps you should add the directory containing `libsystemd-daemon.pc'
to the PKG_CONFIG_PATH environment variable
No package 'libsystemd-daemon' found
configure:9232: $? = 1
configure:9246: $PKG_CONFIG --exists --print-errors "libsystemd-daemon"
Package libsystemd-daemon was not found in the pkg-config search path.
Perhaps you should add the directory containing `libsystemd-daemon.pc'
to the PKG_CONFIG_PATH environment variable
No package 'libsystemd-daemon' found
configure:9249: $? = 1
configure:9263: result: no
No package 'libsystemd-daemon' found
configure:9282: checking for SYSTEMD
configure:9289: $PKG_CONFIG --exists --print-errors "libsystemd >= 209"
Package libsystemd was not found in the pkg-config search path.
Perhaps you should add the directory containing `libsystemd.pc'
to the PKG_CONFIG_PATH environment variable
No package 'libsystemd' found
configure:9292: $? = 1
configure:9306: $PKG_CONFIG --exists --print-errors "libsystemd >= 209"
Package libsystemd was not found in the pkg-config search path.
Perhaps you should add the directory containing `libsystemd.pc'
to the PKG_CONFIG_PATH environment variable
No package 'libsystemd' found
configure:9309: $? = 1
configure:9323: result: no
No package 'libsystemd' found
configure:9888: creating ./config.status

## ---------------------- ##
## Running config.status. ##
## ---------------------- ##

This file was extended by Xen Hypervisor Tools config.status 4.13, which was
generated by GNU Autoconf 2.69.  Invocation command line was

  CONFIG_FILES    = 
  CONFIG_HEADERS  = 
  CONFIG_LINKS    = 
  CONFIG_COMMANDS = 
  $ ./config.status 

on syzkaller

config.status:951: creating ../config/Tools.mk
config.status:951: creating hotplug/FreeBSD/rc.d/xencommons
config.status:951: creating hotplug/FreeBSD/rc.d/xendriverdomain
config.status:951: creating hotplug/Linux/init.d/sysconfig.xencommons
config.status:951: creating hotplug/Linux/init.d/sysconfig.xendomains
config.status:951: creating hotplug/Linux/init.d/xen-watchdog
config.status:951: creating hotplug/Linux/init.d/xencommons
config.status:951: creating hotplug/Linux/init.d/xendomains
config.status:951: creating hotplug/Linux/init.d/xendriverdomain
config.status:951: creating hotplug/Linux/launch-xenstore
config.status:951: creating hotplug/Linux/vif-setup
config.status:951: creating hotplug/Linux/xen-hotplug-common.sh
config.status:951: creating hotplug/Linux/xendomains
config.status:951: creating hotplug/NetBSD/rc.d/xencommons
config.status:951: creating hotplug/NetBSD/rc.d/xendriverdomain
config.status:951: creating ocaml/xenstored/oxenstored.conf
config.status:951: creating config.h

## ---------------- ##
## Cache variables. ##
## ---------------- ##

ac_cv_build=x86_64-pc-linux-gnu
ac_cv_c_compiler_gnu=yes
ac_cv_env_APPEND_INCLUDES_set=
ac_cv_env_APPEND_INCLUDES_value=
ac_cv_env_APPEND_LIB_set=
ac_cv_env_APPEND_LIB_value=
ac_cv_env_AS86_set=
ac_cv_env_AS86_value=
ac_cv_env_AWK_set=
ac_cv_env_AWK_value=
ac_cv_env_BASH_set=set
ac_cv_env_BASH_value=/bin/bash
ac_cv_env_BCC_set=
ac_cv_env_BCC_value=
ac_cv_env_BISON_set=
ac_cv_env_BISON_value=
ac_cv_env_CC_set=
ac_cv_env_CC_value=
ac_cv_env_CFLAGS_set=
ac_cv_env_CFLAGS_value=
ac_cv_env_CPPFLAGS_set=
ac_cv_env_CPPFLAGS_value=
ac_cv_env_CPP_set=
ac_cv_env_CPP_value=
ac_cv_env_FLEX_set=
ac_cv_env_FLEX_value=
ac_cv_env_IASL_set=
ac_cv_env_IASL_value=
ac_cv_env_LD86_set=
ac_cv_env_LD86_value=
ac_cv_env_LDFLAGS_set=
ac_cv_env_LDFLAGS_value=
ac_cv_env_LIBNL3_CFLAGS_set=
ac_cv_env_LIBNL3_CFLAGS_value=
ac_cv_env_LIBNL3_LIBS_set=
ac_cv_env_LIBNL3_LIBS_value=
ac_cv_env_LIBS_set=
ac_cv_env_LIBS_value=
ac_cv_env_PERL_set=
ac_cv_env_PERL_value=
ac_cv_env_PKG_CONFIG_LIBDIR_set=
ac_cv_env_PKG_CONFIG_LIBDIR_value=
ac_cv_env_PKG_CONFIG_PATH_set=
ac_cv_env_PKG_CONFIG_PATH_value=
ac_cv_env_PKG_CONFIG_set=
ac_cv_env_PKG_CONFIG_value=
ac_cv_env_PREPEND_INCLUDES_set=
ac_cv_env_PREPEND_INCLUDES_value=
ac_cv_env_PREPEND_LIB_set=
ac_cv_env_PREPEND_LIB_value=
ac_cv_env_PYTHON_set=
ac_cv_env_PYTHON_value=
ac_cv_env_SYSTEMD_CFLAGS_set=
ac_cv_env_SYSTEMD_CFLAGS_value=
ac_cv_env_SYSTEMD_LIBS_set=
ac_cv_env_SYSTEMD_LIBS_value=
ac_cv_env_XGETTEXT_set=
ac_cv_env_XGETTEXT_value=
ac_cv_env_build_alias_set=
ac_cv_env_build_alias_value=
ac_cv_env_glib_CFLAGS_set=
ac_cv_env_glib_CFLAGS_value=
ac_cv_env_glib_LIBS_set=
ac_cv_env_glib_LIBS_value=
ac_cv_env_host_alias_set=
ac_cv_env_host_alias_value=
ac_cv_env_pixman_CFLAGS_set=
ac_cv_env_pixman_CFLAGS_value=
ac_cv_env_pixman_LIBS_set=
ac_cv_env_pixman_LIBS_value=
ac_cv_env_target_alias_set=
ac_cv_env_target_alias_value=
ac_cv_func_PyArg_ParseTuple=yes
ac_cv_header_Python_h=yes
ac_cv_header_argp_h=yes
ac_cv_header_bzlib_h=no
ac_cv_header_curses_h=yes
ac_cv_header_ext2fs_ext2fs_h=yes
ac_cv_header_ext4fs_ext2fs_h=no
ac_cv_header_inttypes_h=yes
ac_cv_header_libutil_h=no
ac_cv_header_lzma_h=yes
ac_cv_header_lzo_lzo1x_h=no
ac_cv_header_memory_h=yes
ac_cv_header_ncurses_h=yes
ac_cv_header_stdc=yes
ac_cv_header_stdint_h=yes
ac_cv_header_stdlib_h=yes
ac_cv_header_string_h=yes
ac_cv_header_strings_h=yes
ac_cv_header_sys_eventfd_h=yes
ac_cv_header_sys_stat_h=yes
ac_cv_header_sys_types_h=yes
ac_cv_header_unistd_h=yes
ac_cv_header_utmp_h=yes
ac_cv_header_uuid_h=no
ac_cv_header_uuid_uuid_h=yes
ac_cv_header_valgrind_memcheck_h=no
ac_cv_header_yajl_yajl_version_h=yes
ac_cv_host=x86_64-pc-linux-gnu
ac_cv_lib_argp_argp_usage=no
ac_cv_lib_curses_clear=yes
ac_cv_lib_ext2fs_ext2fs_open2=yes
ac_cv_lib_iconv_libiconv_open=no
ac_cv_lib_lzma_lzma_stream_decoder=yes
ac_cv_lib_lzma_lzma_version_number=yes
ac_cv_lib_ncurses_clear=yes
ac_cv_lib_tinfo_define_key=yes
ac_cv_lib_uuid_uuid_clear=yes
ac_cv_lib_yajl_yajl_alloc=yes
ac_cv_lib_z_deflateCopy=yes
ac_cv_objext=o
ac_cv_path_AS86=/usr/bin/as86
ac_cv_path_AWK=/usr/bin/awk
ac_cv_path_BASH=/bin/bash
ac_cv_path_BCC=/usr/bin/bcc
ac_cv_path_BISON=/usr/bin/bison
ac_cv_path_EGREP='/usr/bin/grep -E'
ac_cv_path_FALSE=/usr/bin/false
ac_cv_path_FLEX=/usr/bin/flex
ac_cv_path_GREP=/usr/bin/grep
ac_cv_path_IASL=/usr/bin/iasl
ac_cv_path_LD86=/usr/bin/ld86
ac_cv_path_PERL=/usr/bin/perl
ac_cv_path_PYTHON=/usr/bin/python
ac_cv_path_PYTHONPATH=/usr/bin/python
ac_cv_path_WGET=/usr/bin/wget
ac_cv_path_XGETTEXT=/usr/bin/xgettext
ac_cv_path_ac_pt_PKG_CONFIG=/usr/bin/pkg-config
ac_cv_path_install='/usr/bin/install -c'
ac_cv_path_pyconfig=/usr/bin/python-config
ac_cv_prog_AWK=/usr/bin/awk
ac_cv_prog_CPP='gcc -E'
ac_cv_prog_PYTHON=python
ac_cv_prog_ac_ct_CC=gcc
ac_cv_prog_ac_ct_CHECKPOLICY=checkpolicy
ac_cv_prog_ac_ct_OCAML=ocaml
ac_cv_prog_ac_ct_OCAMLC=ocamlc
ac_cv_prog_ac_ct_OCAMLCDOTOPT=ocamlc.opt
ac_cv_prog_ac_ct_OCAMLDEP=ocamldep
ac_cv_prog_ac_ct_OCAMLDOC=ocamldoc
ac_cv_prog_ac_ct_OCAMLFIND=ocamlfind
ac_cv_prog_ac_ct_OCAMLMKLIB=ocamlmklib
ac_cv_prog_ac_ct_OCAMLMKTOP=ocamlmktop
ac_cv_prog_ac_ct_OCAMLOPT=ocamlopt
ac_cv_prog_ac_ct_OCAMLOPTDOTOPT=ocamlopt.opt
ac_cv_prog_cc_c89=
ac_cv_prog_cc_g=yes
ac_cv_prog_make_make_set=yes
ac_cv_sys_file_offset_bits=no
ac_cv_sys_largefile_CC=no
ax_cv_githttp=n
ax_cv_monitors=y
ax_cv_ocamltools=y
ax_cv_ovmf=n
ax_cv_pthread_flags=-pthread
ax_cv_ptyfuncs_libs=-lutil
ax_cv_python_fortify=yes
ax_cv_rpath=n
ax_cv_seabios=y
ax_cv_systemd=n
ax_cv_xsmpolicy=y
pkg_cv_glib_CFLAGS='-I/usr/include/glib-2.0 -I/usr/lib/x86_64-linux-gnu/glib-2.0/include'
pkg_cv_glib_LIBS=-lglib-2.0
pkg_cv_pixman_CFLAGS=-I/usr/include/pixman-1
pkg_cv_pixman_LIBS=-lpixman-1

## ----------------- ##
## Output variables. ##
## ----------------- ##

APPEND_INCLUDES=''
APPEND_LIB=''
AS86='/usr/bin/as86'
AWK='/usr/bin/awk'
BASH='/bin/bash'
BCC='/usr/bin/bcc'
BISON='/usr/bin/bison'
CC='gcc'
CFLAGS='-g -O2'
CHECKPOLICY='checkpolicy'
CONFIG_DIR='/etc'
CONFIG_LEAF_DIR='default'
CONFIG_RUMP='n'
CPP='gcc -E'
CPPFLAGS='  '
CURSES_LIBS='-lncurses'
DEBUG_DIR='/usr/local/lib/debug'
DEFS='-DHAVE_CONFIG_H'
ECHO_C=''
ECHO_N='-n'
ECHO_T=''
EGREP='/usr/bin/grep -E'
EXEEXT=''
EXTFS_LIBS='-lext2fs'
EXTRA_QEMUU_CONFIGURE_ARGS=''
FALSE='/usr/bin/false'
FETCHER='/usr/bin/wget -c -O'
FILE_OFFSET_BITS=''
FLEX='/usr/bin/flex'
FTP=''
GREP='/usr/bin/grep'
IASL='/usr/bin/iasl'
INITD_DIR='/etc/init.d'
INSTALL_DATA='${INSTALL} -m 644'
INSTALL_PROGRAM='${INSTALL}'
INSTALL_SCRIPT='${INSTALL}'
LD86='/usr/bin/ld86'
LDFLAGS='  '
LIBEXEC='/usr/local/lib/xen'
LIBEXEC_BIN='/usr/local/lib/xen/bin'
LIBEXEC_INC='/usr/local/lib/xen/include'
LIBEXEC_LIB='/usr/local/lib/xen/lib'
LIBNL3_CFLAGS=''
LIBNL3_LIBS=''
LIBOBJS=''
LIBS='-lz -lyajl -llzma  -lutil'
LINUX_BACKEND_MODULES='xen-evtchn xen-gntdev xen-gntalloc xen-blkback xen-netback xen-pciback evtchn gntdev netbk blkbk xen-scsibk usbbk pciback xen-acpi-processor'
LTLIBOBJS=''
OBJEXT='o'
OCAML='ocaml'
OCAMLBEST='opt'
OCAMLBUILD='no'
OCAMLC='ocamlc.opt'
OCAMLCDOTOPT='ocamlc.opt'
OCAMLDEP='ocamldep'
OCAMLDOC='ocamldoc'
OCAMLFIND='ocamlfind'
OCAMLLIB='/usr/lib/ocaml'
OCAMLMKLIB='ocamlmklib'
OCAMLMKTOP='ocamlmktop'
OCAMLOPT='ocamlopt.opt'
OCAMLOPTDOTOPT='ocamlopt.opt'
OCAMLVERSION='4.05.0'
PACKAGE_BUGREPORT='xen-devel@lists.xen.org'
PACKAGE_NAME='Xen Hypervisor Tools'
PACKAGE_STRING='Xen Hypervisor Tools 4.13'
PACKAGE_TARNAME='xen'
PACKAGE_URL='http://www.xen.org/'
PACKAGE_VERSION='4.13'
PATH_SEPARATOR=':'
PERL='/usr/bin/perl'
PKG_CONFIG='/usr/bin/pkg-config'
PKG_CONFIG_LIBDIR=''
PKG_CONFIG_PATH=''
PREPEND_INCLUDES=''
PREPEND_LIB=''
PTHREAD_CFLAGS='-pthread'
PTHREAD_LDFLAGS='-pthread'
PTHREAD_LIBS=''
PTYFUNCS_LIBS='-lutil'
PYTHON='python'
PYTHONPATH='/usr/bin/python'
PY_NOOPT_CFLAGS='-O1'
SET_MAKE=''
SHAREDIR='/usr/local/share'
SHELL='/bin/bash'
SYSTEMD_CFLAGS=''
SYSTEMD_DIR=''
SYSTEMD_LIBS=''
SYSTEMD_MODULES_LOAD=''
TINFO_LIBS='-ltinfo'
WGET='/usr/bin/wget'
XENFIRMWAREDIR='/usr/local/lib/xen/boot'
XENSTORED='/usr/local/sbin/oxenstored'
XENSTORED_KVA='/proc/xen/xsd_kva'
XENSTORED_PORT='/proc/xen/xsd_port'
XEN_CONFIG_DIR='/etc/xen'
XEN_DUMP_DIR='/var/lib/xen/dump'
XEN_LIB_DIR='/var/lib/xen'
XEN_LIB_STORED='/var/lib/xenstored'
XEN_LOCK_DIR='/var/lock'
XEN_LOG_DIR='/var/log/xen'
XEN_PAGING_DIR='/var/lib/xen/xenpaging'
XEN_RUN_DIR='/var/run/xen'
XEN_RUN_STORED='/var/run/xenstored'
XEN_SCRIPT_DIR='/etc/xen/scripts'
XGETTEXT='/usr/bin/xgettext'
ac_ct_CC='gcc'
argp_ldflags=''
bindir='/usr/local/bin'
build='x86_64-pc-linux-gnu'
build_alias=''
build_cpu='x86_64'
build_os='linux-gnu'
build_vendor='pc'
datadir='${datarootdir}'
datarootdir='${prefix}/share'
docdir='${datarootdir}/doc/${PACKAGE_TARNAME}'
dvidir='${docdir}'
exec_prefix='/usr/local'
githttp='n'
glib_CFLAGS='-I/usr/include/glib-2.0 -I/usr/lib/x86_64-linux-gnu/glib-2.0/include'
glib_LIBS='-lglib-2.0'
host='x86_64-pc-linux-gnu'
host_alias=''
host_cpu='x86_64'
host_os='linux-gnu'
host_vendor='pc'
htmldir='${docdir}'
includedir='${prefix}/include'
infodir='${datarootdir}/info'
ipxe='y'
libdir='/usr/local/lib'
libexecdir='${exec_prefix}/lib'
libiconv='n'
libnl='n'
localedir='${datarootdir}/locale'
localstatedir='/var'
mandir='${datarootdir}/man'
monitors='y'
ninepfs=''
ocamltools='y'
oldincludedir='/usr/include'
ovmf='n'
pdfdir='${docdir}'
pixman_CFLAGS='-I/usr/include/pixman-1'
pixman_LIBS='-lpixman-1'
prefix='/usr/local'
program_transform_name='s,x,x,'
psdir='${docdir}'
pvshim='y'
pyconfig='/usr/bin/python-config'
qemu_traditional='y'
qemu_xen='y'
qemu_xen_path='/usr/local/lib/xen/bin/qemu-system-i386'
qemu_xen_systemd='/usr/local/lib/xen/bin/qemu-system-i386'
rombios='y'
rpath='n'
runstatedir='${localstatedir}/run'
sbindir='/usr/local/sbin'
seabios='y'
sharedstatedir='${prefix}/com'
sysconfdir='/etc'
system_aio=''
systemd='n'
target_alias=''
xsmpolicy='y'
zlib=' -DHAVE_LZMA -llzma'

## ----------- ##
## confdefs.h. ##
## ----------- ##

/* confdefs.h */
#define PACKAGE_NAME "Xen Hypervisor Tools"
#define PACKAGE_TARNAME "xen"
#define PACKAGE_VERSION "4.13"
#define PACKAGE_STRING "Xen Hypervisor Tools 4.13"
#define PACKAGE_BUGREPORT "xen-devel@lists.xen.org"
#define PACKAGE_URL "http://www.xen.org/"
#define HAVE_QEMU_TRADITIONAL 1
#define HAVE_LIBLZMA 1
#define HAVE_ROMBIOS 1
#define QEMU_XEN_PATH "/usr/local/lib/xen/bin/qemu-system-i386"
#define SEABIOS_PATH "/usr/local/lib/xen/boot/seabios.bin"
#define IPXE_PATH "/usr/local/lib/xen/boot/ipxe.bin"
#define STDC_HEADERS 1
#define HAVE_SYS_TYPES_H 1
#define HAVE_SYS_STAT_H 1
#define HAVE_STDLIB_H 1
#define HAVE_STRING_H 1
#define HAVE_MEMORY_H 1
#define HAVE_STRINGS_H 1
#define HAVE_INTTYPES_H 1
#define HAVE_STDINT_H 1
#define HAVE_UNISTD_H 1
#define INCLUDE_CURSES_H <ncurses.h>
#define INCLUDE_EXTFS_H <ext2fs/ext2fs.h>
#define HAVE_LIBYAJL 1
#define HAVE_LIBZ 1
#define HAVE_YAJL_YAJL_VERSION_H 1
#define HAVE_SYS_EVENTFD_H 1
#define HAVE_UTMP_H 1

configure: exit 0
