This file contains any messages produced by compilers while
running configure, to aid debugging if configure makes a mistake.

It was created by Xen Hypervisor Stub Domains configure 4.13, which was
generated by GNU Autoconf 2.69.  Invocation command line was

  $ ./configure --disable-option-checking --prefix=/usr/local --cache-file=/dev/null --srcdir=.

## --------- ##
## Platform. ##
## --------- ##

hostname = syzkaller
uname -m = x86_64
uname -r = 5.5.1
uname -s = Linux
uname -v = #1 SMP Mon Mar 2 12:38:52 UTC 2020

/usr/bin/uname -p = unknown
/bin/uname -X     = unknown

/bin/arch              = x86_64
/usr/bin/arch -k       = unknown
/usr/convex/getsysinfo = unknown
/usr/bin/hostinfo      = unknown
/bin/machine           = unknown
/usr/bin/oslevel       = unknown
/bin/universe          = unknown

PATH: /usr/local/sbin
PATH: /usr/local/bin
PATH: /usr/sbin
PATH: /usr/bin
PATH: /sbin
PATH: /bin


## ----------- ##
## Core tests. ##
## ----------- ##

configure:1878: checking build system type
configure:1892: result: x86_64-pc-linux-gnu
configure:1912: checking host system type
configure:1925: result: x86_64-pc-linux-gnu
configure:2323: checking for wget
configure:2341: found /usr/bin/wget
configure:2354: result: /usr/bin/wget
configure:2364: checking for false
configure:2382: found /usr/bin/false
configure:2395: result: /usr/bin/false
configure:2515: checking for gcc
configure:2531: found /usr/bin/gcc
configure:2542: result: gcc
configure:2771: checking for C compiler version
configure:2780: gcc --version >&5
gcc (Debian 8.3.0-6) 8.3.0
Copyright (C) 2018 Free Software Foundation, Inc.
This is free software; see the source for copying conditions.  There is NO
warranty; not even for MERCHANTABILITY or FITNESS FOR A PARTICULAR PURPOSE.

configure:2791: $? = 0
configure:2780: gcc -v >&5
Using built-in specs.
COLLECT_GCC=gcc
COLLECT_LTO_WRAPPER=/usr/lib/gcc/x86_64-linux-gnu/8/lto-wrapper
OFFLOAD_TARGET_NAMES=nvptx-none
OFFLOAD_TARGET_DEFAULT=1
Target: x86_64-linux-gnu
Configured with: ../src/configure -v --with-pkgversion='Debian 8.3.0-6' --with-bugurl=file:///usr/share/doc/gcc-8/README.Bugs --enable-languages=c,ada,c++,go,brig,d,fortran,objc,obj-c++ --prefix=/usr --with-gcc-major-version-only --program-suffix=-8 --program-prefix=x86_64-linux-gnu- --enable-shared --enable-linker-build-id --libexecdir=/usr/lib --without-included-gettext --enable-threads=posix --libdir=/usr/lib --enable-nls --enable-bootstrap --enable-clocale=gnu --enable-libstdcxx-debug --enable-libstdcxx-time=yes --with-default-libstdcxx-abi=new --enable-gnu-unique-object --disable-vtable-verify --enable-libmpx --enable-plugin --enable-default-pie --with-system-zlib --with-target-system-zlib --enable-objc-gc=auto --enable-multiarch --disable-werror --with-arch-32=i686 --with-abi=m64 --with-multilib-list=m32,m64,mx32 --enable-multilib --with-tune=generic --enable-offload-targets=nvptx-none --without-cuda-driver --enable-checking=release --build=x86_64-linux-gnu --host=x86_64-linux-gnu --target=x86_64-linux-gnu
Thread model: posix
gcc version 8.3.0 (Debian 8.3.0-6) 
configure:2791: $? = 0
configure:2780: gcc -V >&5
gcc: error: unrecognized command line option '-V'
gcc: fatal error: no input files
compilation terminated.
configure:2791: $? = 1
configure:2780: gcc -qversion >&5
gcc: error: unrecognized command line option '-qversion'; did you mean '--version'?
gcc: fatal error: no input files
compilation terminated.
configure:2791: $? = 1
configure:2811: checking whether the C compiler works
configure:2833: gcc    conftest.c  >&5
configure:2837: $? = 0
configure:2885: result: yes
configure:2888: checking for C compiler default output file name
configure:2890: result: a.out
configure:2896: checking for suffix of executables
configure:2903: gcc -o conftest    conftest.c  >&5
configure:2907: $? = 0
configure:2929: result: 
configure:2951: checking whether we are cross compiling
configure:2959: gcc -o conftest    conftest.c  >&5
configure:2963: $? = 0
configure:2970: ./conftest
configure:2974: $? = 0
configure:2962: result: no
configure:2967: checking for suffix of object files
configure:2989: gcc -c   conftest.c >&5
configure:2993: $? = 0
configure:3014: result: o
configure:3018: checking whether we are using the GNU C compiler
configure:3037: gcc -c   conftest.c >&5
configure:3037: $? = 0
configure:3046: result: yes
configure:3055: checking whether gcc accepts -g
configure:3075: gcc -c -g  conftest.c >&5
configure:3075: $? = 0
configure:3116: result: yes
configure:3133: checking for gcc option to accept ISO C89
configure:3196: gcc  -c -g -O2  conftest.c >&5
configure:3196: $? = 0
configure:3209: result: none needed
configure:3229: checking whether make sets $(MAKE)
configure:3251: result: yes
configure:3274: checking for a BSD-compatible install
configure:3342: result: /usr/bin/install -c
configure:3412: checking for cmake
configure:3430: found /usr/bin/cmake
configure:3443: result: /usr/bin/cmake
configure:3820: creating ./config.status

## ---------------------- ##
## Running config.status. ##
## ---------------------- ##

This file was extended by Xen Hypervisor Stub Domains config.status 4.13, which was
generated by GNU Autoconf 2.69.  Invocation command line was

  CONFIG_FILES    = 
  CONFIG_HEADERS  = 
  CONFIG_LINKS    = 
  CONFIG_COMMANDS = 
  $ ./config.status 

on syzkaller

config.status:766: creating ../config/Stubdom.mk

## ---------------- ##
## Cache variables. ##
## ---------------- ##

ac_cv_build=x86_64-pc-linux-gnu
ac_cv_c_compiler_gnu=yes
ac_cv_env_CC_set=
ac_cv_env_CC_value=
ac_cv_env_CFLAGS_set=
ac_cv_env_CFLAGS_value=
ac_cv_env_CMAKE_set=
ac_cv_env_CMAKE_value=
ac_cv_env_CPPFLAGS_set=
ac_cv_env_CPPFLAGS_value=
ac_cv_env_GMP_URL_set=
ac_cv_env_GMP_URL_value=
ac_cv_env_GRUB_URL_set=
ac_cv_env_GRUB_URL_value=
ac_cv_env_LDFLAGS_set=
ac_cv_env_LDFLAGS_value=
ac_cv_env_LIBPCI_URL_set=
ac_cv_env_LIBPCI_URL_value=
ac_cv_env_LIBS_set=
ac_cv_env_LIBS_value=
ac_cv_env_LWIP_URL_set=
ac_cv_env_LWIP_URL_value=
ac_cv_env_NEWLIB_URL_set=
ac_cv_env_NEWLIB_URL_value=
ac_cv_env_OCAML_URL_set=
ac_cv_env_OCAML_URL_value=
ac_cv_env_POLARSSL_URL_set=
ac_cv_env_POLARSSL_URL_value=
ac_cv_env_TPMEMU_URL_set=
ac_cv_env_TPMEMU_URL_value=
ac_cv_env_ZLIB_URL_set=
ac_cv_env_ZLIB_URL_value=
ac_cv_env_build_alias_set=
ac_cv_env_build_alias_value=
ac_cv_env_host_alias_set=
ac_cv_env_host_alias_value=
ac_cv_env_target_alias_set=
ac_cv_env_target_alias_value=
ac_cv_host=x86_64-pc-linux-gnu
ac_cv_objext=o
ac_cv_path_CMAKE=/usr/bin/cmake
ac_cv_path_FALSE=/usr/bin/false
ac_cv_path_WGET=/usr/bin/wget
ac_cv_path_install='/usr/bin/install -c'
ac_cv_prog_ac_ct_CC=gcc
ac_cv_prog_cc_c89=
ac_cv_prog_cc_g=yes
ac_cv_prog_make_make_set=yes
ax_cv_debug=y
ax_cv_extfiles=y

## ----------------- ##
## Output variables. ##
## ----------------- ##

CC='gcc'
CFLAGS='-g -O2'
CMAKE='/usr/bin/cmake'
CPPFLAGS=''
DEFS='-DPACKAGE_NAME=\"Xen\ Hypervisor\ Stub\ Domains\" -DPACKAGE_TARNAME=\"xen\" -DPACKAGE_VERSION=\"4.13\" -DPACKAGE_STRING=\"Xen\ Hypervisor\ Stub\ Domains\ 4.13\" -DPACKAGE_BUGREPORT=\"xen-devel@lists.xen.org\" -DPACKAGE_URL=\"http://www.xen.org/\"'
ECHO_C=''
ECHO_N='-n'
ECHO_T=''
EXEEXT=''
FALSE='/usr/bin/false'
FETCHER='/usr/bin/wget -c -O'
FTP=''
GMP_URL='$(XEN_EXTFILES_URL)'
GMP_VERSION='4.3.2'
GRUB_URL='$(XEN_EXTFILES_URL)'
GRUB_VERSION='0.97'
INSTALL_DATA='${INSTALL} -m 644'
INSTALL_PROGRAM='${INSTALL}'
INSTALL_SCRIPT='${INSTALL}'
LDFLAGS=''
LIBOBJS=''
LIBPCI_URL='$(XEN_EXTFILES_URL)'
LIBPCI_VERSION='2.2.9'
LIBS=''
LTLIBOBJS=''
LWIP_URL='$(XEN_EXTFILES_URL)'
LWIP_VERSION='1.3.0'
NEWLIB_URL='$(XEN_EXTFILES_URL)'
NEWLIB_VERSION='1.16.0'
OBJEXT='o'
OCAML_URL='http://caml.inria.fr/pub/distrib/ocaml-4.02'
OCAML_VERSION='4.02.0'
PACKAGE_BUGREPORT='xen-devel@lists.xen.org'
PACKAGE_NAME='Xen Hypervisor Stub Domains'
PACKAGE_STRING='Xen Hypervisor Stub Domains 4.13'
PACKAGE_TARNAME='xen'
PACKAGE_URL='http://www.xen.org/'
PACKAGE_VERSION='4.13'
PATH_SEPARATOR=':'
POLARSSL_URL='$(XEN_EXTFILES_URL)'
POLARSSL_VERSION='1.1.4'
SET_MAKE=''
SHELL='/bin/bash'
STUBDOM_BUILD=' pv-grub xenstore-stubdom vtpm-stubdom vtpmmgr-stubdom ioemu-stubdom'
STUBDOM_INSTALL=' install-grub install-xenstore install-vtpm install-vtpmmgr install-ioemu'
STUBDOM_TARGETS=' grub xenstore vtpm vtpmmgr ioemu'
STUBDOM_UNINSTALL=' install-grub install-xenstore install-vtpm install-vtpmmgr install-ioemu'
TPMEMU_URL='$(XEN_EXTFILES_URL)'
TPMEMU_VERSION='0.7.4'
WGET='/usr/bin/wget'
ZLIB_URL='$(XEN_EXTFILES_URL)'
ZLIB_VERSION='1.2.3'
ac_ct_CC='gcc'
bindir='${exec_prefix}/bin'
build='x86_64-pc-linux-gnu'
build_alias=''
build_cpu='x86_64'
build_os='linux-gnu'
build_vendor='pc'
c='n'
caml='n'
datadir='${datarootdir}'
datarootdir='${prefix}/share'
debug='y'
docdir='${datarootdir}/doc/${PACKAGE_TARNAME}'
dvidir='${docdir}'
exec_prefix='${prefix}'
extfiles='y'
grub='y'
host='x86_64-pc-linux-gnu'
host_alias=''
host_cpu='x86_64'
host_os='linux-gnu'
host_vendor='pc'
htmldir='${docdir}'
includedir='${prefix}/include'
infodir='${datarootdir}/info'
ioemu='y'
libdir='${exec_prefix}/lib'
libexecdir='${exec_prefix}/libexec'
localedir='${datarootdir}/locale'
localstatedir='${prefix}/var'
mandir='${datarootdir}/man'
oldincludedir='/usr/include'
pdfdir='${docdir}'
prefix='/usr/local'
program_transform_name='s,x,x,'
psdir='${docdir}'
runstatedir='${localstatedir}/run'
sbindir='${exec_prefix}/sbin'
sharedstatedir='${prefix}/com'
sysconfdir='${prefix}/etc'
target_alias=''
vtpm='y'
vtpmmgr='y'
xenstore='y'

## ----------- ##
## confdefs.h. ##
## ----------- ##

/* confdefs.h */
#define PACKAGE_NAME "Xen Hypervisor Stub Domains"
#define PACKAGE_TARNAME "xen"
#define PACKAGE_VERSION "4.13"
#define PACKAGE_STRING "Xen Hypervisor Stub Domains 4.13"
#define PACKAGE_BUGREPORT "xen-devel@lists.xen.org"
#define PACKAGE_URL "http://www.xen.org/"

configure: exit 0
